<?xml version="1.0" encoding="UTF-8"?>
<testng-results skipped="0" failed="0" ignored="0" total="1" passed="1">
  <reporter-output>
  </reporter-output>
  <suite name="Default suite" duration-ms="9824" started-at="2018-08-25T12:00:11Z" finished-at="2018-08-25T12:00:21Z">
    <groups>
    </groups>
    <test name="Default test" duration-ms="9824" started-at="2018-08-25T12:00:11Z" finished-at="2018-08-25T12:00:21Z">
      <class name="com.lore.automation.test.rough.RoughTest1">
        <test-method status="PASS" signature="setUp()[pri:0, instance:com.lore.automation.test.rough.RoughTest1@754ba872]" name="setUp" is-config="true" duration-ms="9099" started-at="2018-08-25T12:00:11Z" finished-at="2018-08-25T12:00:20Z">
          <reporter-output>
          </reporter-output>
        </test-method> <!-- setUp -->
        <test-method status="PASS" signature="titleVerification()[pri:0, instance:com.lore.automation.test.rough.RoughTest1@754ba872]" name="titleVerification" duration-ms="30" started-at="2018-08-25T12:00:20Z" finished-at="2018-08-25T12:00:20Z">
          <reporter-output>
          </reporter-output>
        </test-method> <!-- titleVerification -->
        <test-method status="PASS" signature="tearDown()[pri:0, instance:com.lore.automation.test.rough.RoughTest1@754ba872]" name="tearDown" is-config="true" duration-ms="663" started-at="2018-08-25T12:00:20Z" finished-at="2018-08-25T12:00:21Z">
          <reporter-output>
          </reporter-output>
        </test-method> <!-- tearDown -->
      </class> <!-- com.lore.automation.test.rough.RoughTest1 -->
    </test> <!-- Default test -->
  </suite> <!-- Default suite -->
</testng-results>
